<?xml version="1.0" encoding="UTF-8"?>
<!-- Generated by org.testng.reporters.JUnitReportReporter -->
<testsuite hostname="DESKTOP-QVM6J4J" failures="0" tests="1" name="com.Test.verifyHomepageTest" time="3.904" errors="0" timestamp="2022-06-25T11:30:36 IST" skipped="0">
  <testcase classname="com.Test.verifyHomepageTest" name="test_1" time="3.904"/>
  <system-out/>
</testsuite> <!-- com.Test.verifyHomepageTest -->
